-------------------------------------------------------------------------------
Test set: us.abstracta.jmeter.javadsl.sample.PerformanceTest
-------------------------------------------------------------------------------
Tests run: 1, Failures: 0, Errors: 1, Skipped: 0, Time elapsed: 1.954 s <<< FAILURE! - in us.abstracta.jmeter.javadsl.sample.PerformanceTest
us.abstracta.jmeter.javadsl.sample.PerformanceTest.testCategories  Time elapsed: 1.931 s  <<< ERROR!
java.lang.IllegalArgumentException: Name cannot be null
	at org.apache.jmeter.testelement.property.AbstractProperty.<init>(AbstractProperty.java:39)
	at org.apache.jmeter.testelement.property.MultiProperty.<init>(MultiProperty.java:35)
	at org.apache.jmeter.testelement.property.TestElementProperty.<init>(TestElementProperty.java:30)
	at org.apache.jmeter.testelement.property.AbstractProperty.makeProperty(AbstractProperty.java:365)
	at org.apache.jmeter.testelement.property.AbstractProperty.convertObject(AbstractProperty.java:378)
	at org.apache.jmeter.testelement.property.CollectionProperty.addItem(CollectionProperty.java:181)
	at org.apache.jmeter.protocol.http.control.HeaderManager.add(HeaderManager.java:163)
	at us.abstracta.jmeter.javadsl.http.HttpHeaders.lambda$buildTestElement$0(HttpHeaders.java:77)
	at java.base/java.util.LinkedHashMap.forEach(LinkedHashMap.java:684)
	at us.abstracta.jmeter.javadsl.http.HttpHeaders.buildTestElement(HttpHeaders.java:77)
	at us.abstracta.jmeter.javadsl.core.testelements.BaseTestElement.buildConfiguredTestElement(BaseTestElement.java:60)
	at us.abstracta.jmeter.javadsl.core.testelements.BaseTestElement.buildTreeUnder(BaseTestElement.java:56)
	at us.abstracta.jmeter.javadsl.core.BuildTreeContext.buildTreeFor(BuildTreeContext.java:78)
	at us.abstracta.jmeter.javadsl.core.BuildTreeContext.buildChild(BuildTreeContext.java:74)
	at us.abstracta.jmeter.javadsl.http.DslBaseHttpSampler.buildTreeUnder(DslBaseHttpSampler.java:245)
	at us.abstracta.jmeter.javadsl.core.BuildTreeContext.buildTreeFor(BuildTreeContext.java:78)
	at us.abstracta.jmeter.javadsl.core.BuildTreeContext.buildChild(BuildTreeContext.java:74)
	at us.abstracta.jmeter.javadsl.core.threadgroups.RpsThreadGroup.lambda$buildTreeUnder$0(RpsThreadGroup.java:247)
	at java.base/java.util.ArrayList.forEach(ArrayList.java:1541)
	at us.abstracta.jmeter.javadsl.core.threadgroups.RpsThreadGroup.buildTreeUnder(RpsThreadGroup.java:247)
	at us.abstracta.jmeter.javadsl.core.BuildTreeContext.buildTreeFor(BuildTreeContext.java:78)
	at us.abstracta.jmeter.javadsl.core.BuildTreeContext.buildChild(BuildTreeContext.java:74)
	at us.abstracta.jmeter.javadsl.core.testelements.TestElementContainer.lambda$buildTreeUnder$0(TestElementContainer.java:48)
	at java.base/java.util.ArrayList.forEach(ArrayList.java:1541)
	at us.abstracta.jmeter.javadsl.core.testelements.TestElementContainer.buildTreeUnder(TestElementContainer.java:48)
	at us.abstracta.jmeter.javadsl.core.BuildTreeContext.buildTreeFor(BuildTreeContext.java:78)
	at us.abstracta.jmeter.javadsl.core.engines.EmbeddedJmeterEngine.runInEnv(EmbeddedJmeterEngine.java:106)
	at us.abstracta.jmeter.javadsl.core.engines.EmbeddedJmeterEngine.run(EmbeddedJmeterEngine.java:93)
	at us.abstracta.jmeter.javadsl.core.DslTestPlan.run(DslTestPlan.java:88)
	at us.abstracta.jmeter.javadsl.sample.PerformanceTest.testCategories(PerformanceTest.java:62)
	at java.base/jdk.internal.reflect.NativeMethodAccessorImpl.invoke0(Native Method)
	at java.base/jdk.internal.reflect.NativeMethodAccessorImpl.invoke(NativeMethodAccessorImpl.java:62)
	at java.base/jdk.internal.reflect.DelegatingMethodAccessorImpl.invoke(DelegatingMethodAccessorImpl.java:43)
	at java.base/java.lang.reflect.Method.invoke(Method.java:566)
	at org.junit.platform.commons.util.ReflectionUtils.invokeMethod(ReflectionUtils.java:725)
	at org.junit.jupiter.engine.execution.MethodInvocation.proceed(MethodInvocation.java:60)
	at org.junit.jupiter.engine.execution.InvocationInterceptorChain$ValidatingInvocation.proceed(InvocationInterceptorChain.java:131)
	at org.junit.jupiter.engine.extension.TimeoutExtension.intercept(TimeoutExtension.java:149)
	at org.junit.jupiter.engine.extension.TimeoutExtension.interceptTestableMethod(TimeoutExtension.java:140)
	at org.junit.jupiter.engine.extension.TimeoutExtension.interceptTestMethod(TimeoutExtension.java:84)
	at org.junit.jupiter.engine.execution.ExecutableInvoker$ReflectiveInterceptorCall.lambda$ofVoidMethod$0(ExecutableInvoker.java:115)
	at org.junit.jupiter.engine.execution.ExecutableInvoker.lambda$invoke$0(ExecutableInvoker.java:105)
	at org.junit.jupiter.engine.execution.InvocationInterceptorChain$InterceptedInvocation.proceed(InvocationInterceptorChain.java:106)
	at org.junit.jupiter.engine.execution.InvocationInterceptorChain.proceed(InvocationInterceptorChain.java:64)
	at org.junit.jupiter.engine.execution.InvocationInterceptorChain.chainAndInvoke(InvocationInterceptorChain.java:45)
	at org.junit.jupiter.engine.execution.InvocationInterceptorChain.invoke(InvocationInterceptorChain.java:37)
	at org.junit.jupiter.engine.execution.ExecutableInvoker.invoke(ExecutableInvoker.java:104)
	at org.junit.jupiter.engine.execution.ExecutableInvoker.invoke(ExecutableInvoker.java:98)
	at org.junit.jupiter.engine.descriptor.TestMethodTestDescriptor.lambda$invokeTestMethod$7(TestMethodTestDescriptor.java:214)
	at org.junit.platform.engine.support.hierarchical.ThrowableCollector.execute(ThrowableCollector.java:73)
	at org.junit.jupiter.engine.descriptor.TestMethodTestDescriptor.invokeTestMethod(TestMethodTestDescriptor.java:210)
	at org.junit.jupiter.engine.descriptor.TestMethodTestDescriptor.execute(TestMethodTestDescriptor.java:135)
	at org.junit.jupiter.engine.descriptor.TestMethodTestDescriptor.execute(TestMethodTestDescriptor.java:66)
	at org.junit.platform.engine.support.hierarchical.NodeTestTask.lambda$executeRecursively$6(NodeTestTask.java:151)
	at org.junit.platform.engine.support.hierarchical.ThrowableCollector.execute(ThrowableCollector.java:73)
	at org.junit.platform.engine.support.hierarchical.NodeTestTask.lambda$executeRecursively$8(NodeTestTask.java:141)
	at org.junit.platform.engine.support.hierarchical.Node.around(Node.java:137)
	at org.junit.platform.engine.support.hierarchical.NodeTestTask.lambda$executeRecursively$9(NodeTestTask.java:139)
	at org.junit.platform.engine.support.hierarchical.ThrowableCollector.execute(ThrowableCollector.java:73)
	at org.junit.platform.engine.support.hierarchical.NodeTestTask.executeRecursively(NodeTestTask.java:138)
	at org.junit.platform.engine.support.hierarchical.NodeTestTask.execute(NodeTestTask.java:95)
	at java.base/java.util.ArrayList.forEach(ArrayList.java:1541)
	at org.junit.platform.engine.support.hierarchical.SameThreadHierarchicalTestExecutorService.invokeAll(SameThreadHierarchicalTestExecutorService.java:41)
	at org.junit.platform.engine.support.hierarchical.NodeTestTask.lambda$executeRecursively$6(NodeTestTask.java:155)
	at org.junit.platform.engine.support.hierarchical.ThrowableCollector.execute(ThrowableCollector.java:73)
	at org.junit.platform.engine.support.hierarchical.NodeTestTask.lambda$executeRecursively$8(NodeTestTask.java:141)
	at org.junit.platform.engine.support.hierarchical.Node.around(Node.java:137)
	at org.junit.platform.engine.support.hierarchical.NodeTestTask.lambda$executeRecursively$9(NodeTestTask.java:139)
	at org.junit.platform.engine.support.hierarchical.ThrowableCollector.execute(ThrowableCollector.java:73)
	at org.junit.platform.engine.support.hierarchical.NodeTestTask.executeRecursively(NodeTestTask.java:138)
	at org.junit.platform.engine.support.hierarchical.NodeTestTask.execute(NodeTestTask.java:95)
	at java.base/java.util.ArrayList.forEach(ArrayList.java:1541)
	at org.junit.platform.engine.support.hierarchical.SameThreadHierarchicalTestExecutorService.invokeAll(SameThreadHierarchicalTestExecutorService.java:41)
	at org.junit.platform.engine.support.hierarchical.NodeTestTask.lambda$executeRecursively$6(NodeTestTask.java:155)
	at org.junit.platform.engine.support.hierarchical.ThrowableCollector.execute(ThrowableCollector.java:73)
	at org.junit.platform.engine.support.hierarchical.NodeTestTask.lambda$executeRecursively$8(NodeTestTask.java:141)
	at org.junit.platform.engine.support.hierarchical.Node.around(Node.java:137)
	at org.junit.platform.engine.support.hierarchical.NodeTestTask.lambda$executeRecursively$9(NodeTestTask.java:139)
	at org.junit.platform.engine.support.hierarchical.ThrowableCollector.execute(ThrowableCollector.java:73)
	at org.junit.platform.engine.support.hierarchical.NodeTestTask.executeRecursively(NodeTestTask.java:138)
	at org.junit.platform.engine.support.hierarchical.NodeTestTask.execute(NodeTestTask.java:95)
	at org.junit.platform.engine.support.hierarchical.SameThreadHierarchicalTestExecutorService.submit(SameThreadHierarchicalTestExecutorService.java:35)
	at org.junit.platform.engine.support.hierarchical.HierarchicalTestExecutor.execute(HierarchicalTestExecutor.java:57)
	at org.junit.platform.engine.support.hierarchical.HierarchicalTestEngine.execute(HierarchicalTestEngine.java:54)
	at org.junit.platform.launcher.core.EngineExecutionOrchestrator.execute(EngineExecutionOrchestrator.java:107)
	at org.junit.platform.launcher.core.EngineExecutionOrchestrator.execute(EngineExecutionOrchestrator.java:88)
	at org.junit.platform.launcher.core.EngineExecutionOrchestrator.lambda$execute$0(EngineExecutionOrchestrator.java:54)
	at org.junit.platform.launcher.core.EngineExecutionOrchestrator.withInterceptedStreams(EngineExecutionOrchestrator.java:67)
	at org.junit.platform.launcher.core.EngineExecutionOrchestrator.execute(EngineExecutionOrchestrator.java:52)
	at org.junit.platform.launcher.core.DefaultLauncher.execute(DefaultLauncher.java:114)
	at org.junit.platform.launcher.core.DefaultLauncher.execute(DefaultLauncher.java:86)
	at org.junit.platform.launcher.core.DefaultLauncherSession$DelegatingLauncher.execute(DefaultLauncherSession.java:86)
	at org.apache.maven.surefire.junitplatform.LazyLauncher.execute(LazyLauncher.java:55)
	at org.apache.maven.surefire.junitplatform.JUnitPlatformProvider.execute(JUnitPlatformProvider.java:223)
	at org.apache.maven.surefire.junitplatform.JUnitPlatformProvider.invokeAllTests(JUnitPlatformProvider.java:175)
	at org.apache.maven.surefire.junitplatform.JUnitPlatformProvider.invoke(JUnitPlatformProvider.java:139)
	at org.apache.maven.surefire.booter.ForkedBooter.runSuitesInProcess(ForkedBooter.java:456)
	at org.apache.maven.surefire.booter.ForkedBooter.execute(ForkedBooter.java:169)
	at org.apache.maven.surefire.booter.ForkedBooter.run(ForkedBooter.java:595)
	at org.apache.maven.surefire.booter.ForkedBooter.main(ForkedBooter.java:581)

